<?xml version="1.0" encoding="UTF-8"?>
<!-- Generated by org.testng.reporters.JUnitXMLReporter -->
<testsuite ignored="4" hostname="SAMIR-SANDILYA" failures="0" tests="6" name="Test" time="50.617" errors="0" timestamp="2024-11-20T17:55:04 IST">
  <testcase classname="com.actitime.testscript.ProjectModule" name="createProject" time="2.575"/>
  <testcase classname="com.actitime.testscript.ProjectModule" name="deleteProject" time="8.288"/>
  <testcase classname="com.actitime.testscript.CustomerModule" name="createCustomer" time="2.52"/>
  <testcase classname="com.actitime.testscript.CustomerModule" name="deleteCustomer" time="8.274"/>
  <testcase classname="com.actitime.testscript.UserModule" name="addUser" time="3.008"/>
  <testcase classname="com.actitime.testscript.UserModule" name="deleteUser" time="8.45"/>
  <testcase classname="com.actitime.generic.BaseClass" name="@AfterTest closeBrowser" time="0.0">
    <ignored/>
  </testcase> <!-- @AfterTest closeBrowser -->
  <testcase classname="com.actitime.generic.BaseClass" name="@AfterTest closeBrowser" time="0.0">
    <ignored/>
  </testcase> <!-- @AfterTest closeBrowser -->
  <testcase classname="com.actitime.generic.BaseClass" name="@BeforeTest openBrowser" time="0.0">
    <ignored/>
  </testcase> <!-- @BeforeTest openBrowser -->
  <testcase classname="com.actitime.generic.BaseClass" name="@BeforeTest openBrowser" time="0.0">
    <ignored/>
  </testcase> <!-- @BeforeTest openBrowser -->
</testsuite> <!-- Test -->
